2021-09-09 18:00:41,895 INFO o.a.j.u.JMeterUtils: Setting Locale to en_EN
2021-09-09 18:00:41,915 INFO o.a.j.JMeter: Loading user properties from: C:\Users\jcoom\bin\apache-jmeter-5.4.1\bin\user.properties
2021-09-09 18:00:41,916 INFO o.a.j.JMeter: Loading system properties from: C:\Users\jcoom\bin\apache-jmeter-5.4.1\bin\system.properties
2021-09-09 18:00:41,922 INFO o.a.j.JMeter: Copyright (c) 1998-2021 The Apache Software Foundation
2021-09-09 18:00:41,922 INFO o.a.j.JMeter: Version 5.4.1
2021-09-09 18:00:41,923 INFO o.a.j.JMeter: java.version=11.0.12
2021-09-09 18:00:41,923 INFO o.a.j.JMeter: java.vm.name=OpenJDK 64-Bit Server VM
2021-09-09 18:00:41,923 INFO o.a.j.JMeter: os.name=Windows 10
2021-09-09 18:00:41,923 INFO o.a.j.JMeter: os.arch=amd64
2021-09-09 18:00:41,923 INFO o.a.j.JMeter: os.version=10.0
2021-09-09 18:00:41,923 INFO o.a.j.JMeter: file.encoding=Cp1252
2021-09-09 18:00:41,923 INFO o.a.j.JMeter: java.awt.headless=null
2021-09-09 18:00:41,923 INFO o.a.j.JMeter: Max memory     =1073741824
2021-09-09 18:00:41,923 INFO o.a.j.JMeter: Available Processors =8
2021-09-09 18:00:41,930 INFO o.a.j.JMeter: Default Locale=English (EN)
2021-09-09 18:00:41,931 INFO o.a.j.JMeter: JMeter  Locale=English (EN)
2021-09-09 18:00:41,931 INFO o.a.j.JMeter: JMeterHome=C:\Users\jcoom\bin\apache-jmeter-5.4.1
2021-09-09 18:00:41,931 INFO o.a.j.JMeter: user.dir  =C:\Users\jcoom\Documents\Source\facade-redux
2021-09-09 18:00:41,931 INFO o.a.j.JMeter: PWD       =C:\Users\jcoom\Documents\Source\facade-redux
2021-09-09 18:00:51,412 INFO o.a.j.JMeter: IP: 169.254.6.39 Name: COLTRANE FullName: COLTRANE
2021-09-09 18:00:51,581 INFO o.a.j.JMeter: Setting LAF to: com.github.weisj.darklaf.DarkLaf:com.github.weisj.darklaf.theme.DarculaTheme
2021-09-09 18:00:52,291 INFO o.a.j.JMeter: Loaded icon properties from org/apache/jmeter/images/icon.properties
2021-09-09 18:01:02,853 INFO o.a.j.s.FileServer: Default base='C:\Users\jcoom\Documents\Source\facade-redux'
2021-09-09 18:01:02,858 INFO o.a.j.g.a.Load: Loading file: C:\Users\jcoom\Documents\Source\facade-redux\jmeter\Facade Test Rig.jmx
2021-09-09 18:01:02,858 INFO o.a.j.s.FileServer: Set new base='C:\Users\jcoom\Documents\Source\facade-redux\jmeter'
2021-09-09 18:01:02,990 INFO o.a.j.s.SaveService: Testplan (JMX) version: 2.2. Testlog (JTL) version: 2.2
2021-09-09 18:01:03,003 INFO o.a.j.s.SaveService: Using SaveService properties version 5.0
2021-09-09 18:01:03,005 INFO o.a.j.s.SaveService: Using SaveService properties file encoding UTF-8
2021-09-09 18:01:03,006 INFO o.a.j.s.SaveService: Loading file: C:\Users\jcoom\Documents\Source\facade-redux\jmeter\Facade Test Rig.jmx
2021-09-09 18:01:03,030 INFO o.a.j.s.FileServer: Set new base='C:\Users\jcoom\Documents\Source\facade-redux\jmeter'
2021-09-09 18:03:13,568 INFO o.a.j.p.h.s.HTTPSamplerBase: Parser for text/html is org.apache.jmeter.protocol.http.parser.LagartoBasedHtmlParser
2021-09-09 18:03:13,568 INFO o.a.j.p.h.s.HTTPSamplerBase: Parser for application/xhtml+xml is org.apache.jmeter.protocol.http.parser.LagartoBasedHtmlParser
2021-09-09 18:03:13,568 INFO o.a.j.p.h.s.HTTPSamplerBase: Parser for application/xml is org.apache.jmeter.protocol.http.parser.LagartoBasedHtmlParser
2021-09-09 18:03:13,568 INFO o.a.j.p.h.s.HTTPSamplerBase: Parser for text/xml is org.apache.jmeter.protocol.http.parser.LagartoBasedHtmlParser
2021-09-09 18:03:13,568 INFO o.a.j.p.h.s.HTTPSamplerBase: Parser for text/vnd.wap.wml is org.apache.jmeter.protocol.http.parser.RegexpHTMLParser
2021-09-09 18:03:13,568 INFO o.a.j.p.h.s.HTTPSamplerBase: Parser for text/css is org.apache.jmeter.protocol.http.parser.CssParser
2021-09-09 18:06:46,624 INFO o.a.j.e.StandardJMeterEngine: Running the test!
2021-09-09 18:06:46,625 INFO o.a.j.s.SampleEvent: List of sample_variables: []
2021-09-09 18:06:46,625 INFO o.a.j.s.SampleEvent: List of sample_variables: []
2021-09-09 18:06:46,627 INFO o.a.j.e.u.CompoundVariable: Note: Function class names must contain the string: '.functions.'
2021-09-09 18:06:46,627 INFO o.a.j.e.u.CompoundVariable: Note: Function class names must not contain the string: '.gui.'
2021-09-09 18:06:46,841 INFO o.a.j.g.u.JMeterMenuBar: setRunning(true, *local*)
2021-09-09 18:06:46,843 INFO o.a.j.e.StandardJMeterEngine: Starting ThreadGroup: 1 : Healthchecks
2021-09-09 18:06:46,843 INFO o.a.j.e.StandardJMeterEngine: Starting 1 threads for group Healthchecks.
2021-09-09 18:06:46,843 INFO o.a.j.e.StandardJMeterEngine: Thread will continue on error
2021-09-09 18:06:46,843 INFO o.a.j.t.ThreadGroup: Starting thread group... number=1 threads=1 ramp-up=1 delayedStart=false
2021-09-09 18:06:46,860 INFO o.a.j.t.ThreadGroup: Started thread group number 1
2021-09-09 18:06:46,860 INFO o.a.j.e.StandardJMeterEngine: All thread groups have been started
2021-09-09 18:06:46,861 INFO o.a.j.t.JMeterThread: Thread started: Healthchecks 1-1
2021-09-09 18:06:46,874 INFO o.a.j.p.h.s.HTTPHCAbstractImpl: Local host = COLTRANE
2021-09-09 18:06:46,882 INFO o.a.j.p.h.s.HTTPHC4Impl: HTTP request retry count = 0
2021-09-09 18:06:46,884 INFO o.a.j.s.SampleResult: Note: Sample TimeStamps are START times
2021-09-09 18:06:46,884 INFO o.a.j.s.SampleResult: sampleresult.default.encoding is set to ISO-8859-1
2021-09-09 18:06:46,884 INFO o.a.j.s.SampleResult: sampleresult.useNanoTime=true
2021-09-09 18:06:46,884 INFO o.a.j.s.SampleResult: sampleresult.nanoThreadSleep=5000
2021-09-09 18:06:47,873 INFO o.a.j.t.JMeterThread: Thread is done: Healthchecks 1-1
2021-09-09 18:06:47,873 INFO o.a.j.t.JMeterThread: Thread finished: Healthchecks 1-1
2021-09-09 18:06:47,874 INFO o.a.j.e.StandardJMeterEngine: Notifying test listeners of end of test
2021-09-09 18:06:47,875 INFO o.a.j.g.u.JMeterMenuBar: setRunning(false, *local*)
2021-09-09 18:07:02,933 INFO o.a.j.v.ViewResultsFullVisualizer: Add JavaFX to your Java installation if you want to use renderer: org.apache.jmeter.visualizers.RenderInBrowser
2021-09-09 18:07:06,230 INFO o.a.j.e.StandardJMeterEngine: Running the test!
2021-09-09 18:07:06,231 INFO o.a.j.s.SampleEvent: List of sample_variables: []
2021-09-09 18:07:06,235 INFO o.a.j.g.u.JMeterMenuBar: setRunning(true, *local*)
2021-09-09 18:07:06,236 INFO o.a.j.e.StandardJMeterEngine: Starting ThreadGroup: 1 : Healthchecks
2021-09-09 18:07:06,236 INFO o.a.j.e.StandardJMeterEngine: Starting 1 threads for group Healthchecks.
2021-09-09 18:07:06,236 INFO o.a.j.e.StandardJMeterEngine: Thread will continue on error
2021-09-09 18:07:06,236 INFO o.a.j.t.ThreadGroup: Starting thread group... number=1 threads=1 ramp-up=1 delayedStart=false
2021-09-09 18:07:06,237 INFO o.a.j.t.ThreadGroup: Started thread group number 1
2021-09-09 18:07:06,237 INFO o.a.j.e.StandardJMeterEngine: All thread groups have been started
2021-09-09 18:07:06,243 INFO o.a.j.t.JMeterThread: Thread started: Healthchecks 1-1
2021-09-09 18:07:06,262 INFO o.a.j.t.JMeterThread: Thread is done: Healthchecks 1-1
2021-09-09 18:07:06,262 INFO o.a.j.t.JMeterThread: Thread finished: Healthchecks 1-1
2021-09-09 18:07:06,263 INFO o.a.j.e.StandardJMeterEngine: Notifying test listeners of end of test
2021-09-09 18:07:06,263 INFO o.a.j.g.u.JMeterMenuBar: setRunning(false, *local*)
2021-09-09 18:08:05,801 INFO o.a.j.e.StandardJMeterEngine: Running the test!
2021-09-09 18:08:05,801 INFO o.a.j.s.SampleEvent: List of sample_variables: []
2021-09-09 18:08:05,805 INFO o.a.j.g.u.JMeterMenuBar: setRunning(true, *local*)
2021-09-09 18:08:05,833 INFO o.a.j.e.StandardJMeterEngine: Starting ThreadGroup: 1 : Healthchecks
2021-09-09 18:08:05,833 INFO o.a.j.e.StandardJMeterEngine: Starting 10 threads for group Healthchecks.
2021-09-09 18:08:05,833 INFO o.a.j.e.StandardJMeterEngine: Thread will continue on error
2021-09-09 18:08:05,833 INFO o.a.j.t.ThreadGroup: Starting thread group... number=1 threads=10 ramp-up=1 delayedStart=false
2021-09-09 18:08:05,837 INFO o.a.j.t.JMeterThread: Thread started: Healthchecks 1-1
2021-09-09 18:08:05,847 INFO o.a.j.t.ThreadGroup: Started thread group number 1
2021-09-09 18:08:05,847 INFO o.a.j.e.StandardJMeterEngine: All thread groups have been started
2021-09-09 18:08:05,939 INFO o.a.j.t.JMeterThread: Thread started: Healthchecks 1-2
2021-09-09 18:08:06,039 INFO o.a.j.t.JMeterThread: Thread started: Healthchecks 1-3
2021-09-09 18:08:06,138 INFO o.a.j.t.JMeterThread: Thread started: Healthchecks 1-4
2021-09-09 18:08:06,240 INFO o.a.j.t.JMeterThread: Thread started: Healthchecks 1-5
2021-09-09 18:08:06,339 INFO o.a.j.t.JMeterThread: Thread started: Healthchecks 1-6
2021-09-09 18:08:06,438 INFO o.a.j.t.JMeterThread: Thread started: Healthchecks 1-7
2021-09-09 18:08:06,536 INFO o.a.j.t.JMeterThread: Thread started: Healthchecks 1-8
2021-09-09 18:08:06,636 INFO o.a.j.t.JMeterThread: Thread started: Healthchecks 1-9
2021-09-09 18:08:06,734 INFO o.a.j.t.JMeterThread: Thread started: Healthchecks 1-10
2021-09-09 18:09:25,560 INFO o.a.j.g.a.Start: Shutting test down
2021-09-09 18:09:25,573 INFO o.a.j.t.JMeterThread: Stopping: Healthchecks 1-3
2021-09-09 18:09:25,573 INFO o.a.j.t.JMeterThread: Stopping: Healthchecks 1-7
2021-09-09 18:09:25,573 INFO o.a.j.t.JMeterThread: Stopping: Healthchecks 1-1
2021-09-09 18:09:25,573 INFO o.a.j.t.JMeterThread: Stopping: Healthchecks 1-10
2021-09-09 18:09:25,573 INFO o.a.j.t.JMeterThread: Stopping: Healthchecks 1-6
2021-09-09 18:09:25,573 INFO o.a.j.t.JMeterThread: Stopping: Healthchecks 1-5
2021-09-09 18:09:25,574 INFO o.a.j.t.JMeterThread: Stopping: Healthchecks 1-4
2021-09-09 18:09:25,574 INFO o.a.j.t.JMeterThread: Stopping: Healthchecks 1-8
2021-09-09 18:09:25,574 INFO o.a.j.t.JMeterThread: Stopping: Healthchecks 1-2
2021-09-09 18:09:25,574 INFO o.a.j.t.JMeterThread: Stopping: Healthchecks 1-9
2021-09-09 18:09:25,685 INFO o.a.j.t.JMeterThread: Thread finished: Healthchecks 1-4
2021-09-09 18:09:25,701 INFO o.a.j.t.JMeterThread: Thread finished: Healthchecks 1-1
2021-09-09 18:09:25,711 INFO o.a.j.t.JMeterThread: Thread finished: Healthchecks 1-10
2021-09-09 18:09:25,728 INFO o.a.j.t.JMeterThread: Thread finished: Healthchecks 1-8
2021-09-09 18:09:25,741 INFO o.a.j.t.JMeterThread: Thread finished: Healthchecks 1-3
2021-09-09 18:09:25,761 INFO o.a.j.t.JMeterThread: Thread finished: Healthchecks 1-7
2021-09-09 18:09:25,768 INFO o.a.j.t.JMeterThread: Thread finished: Healthchecks 1-5
2021-09-09 18:09:25,822 INFO o.a.j.t.JMeterThread: Thread finished: Healthchecks 1-6
2021-09-09 18:09:25,880 INFO o.a.j.t.JMeterThread: Thread finished: Healthchecks 1-9
2021-09-09 18:09:25,949 INFO o.a.j.t.JMeterThread: Thread finished: Healthchecks 1-2
2021-09-09 18:09:25,949 INFO o.a.j.e.StandardJMeterEngine: Notifying test listeners of end of test
2021-09-09 18:09:25,950 INFO o.a.j.g.u.JMeterMenuBar: setRunning(false, *local*)
2021-09-09 18:10:14,390 INFO o.a.j.e.StandardJMeterEngine: Running the test!
2021-09-09 18:10:14,391 INFO o.a.j.s.SampleEvent: List of sample_variables: []
2021-09-09 18:10:14,391 INFO o.a.j.g.u.JMeterMenuBar: setRunning(true, *local*)
2021-09-09 18:10:14,419 INFO o.a.j.e.StandardJMeterEngine: Starting ThreadGroup: 1 : Healthchecks
2021-09-09 18:10:14,419 INFO o.a.j.e.StandardJMeterEngine: Starting 10 threads for group Healthchecks.
2021-09-09 18:10:14,419 INFO o.a.j.e.StandardJMeterEngine: Thread will continue on error
2021-09-09 18:10:14,419 INFO o.a.j.t.ThreadGroup: Starting thread group... number=1 threads=10 ramp-up=1 delayedStart=false
2021-09-09 18:10:14,420 INFO o.a.j.t.JMeterThread: Thread started: Healthchecks 1-1
2021-09-09 18:10:14,421 INFO o.a.j.t.ThreadGroup: Started thread group number 1
2021-09-09 18:10:14,421 INFO o.a.j.e.StandardJMeterEngine: All thread groups have been started
2021-09-09 18:10:14,536 INFO o.a.j.t.JMeterThread: Thread started: Healthchecks 1-2
2021-09-09 18:10:14,621 INFO o.a.j.t.JMeterThread: Thread started: Healthchecks 1-3
2021-09-09 18:10:14,720 INFO o.a.j.t.JMeterThread: Thread started: Healthchecks 1-4
2021-09-09 18:10:14,821 INFO o.a.j.t.JMeterThread: Thread started: Healthchecks 1-5
2021-09-09 18:10:14,921 INFO o.a.j.t.JMeterThread: Thread started: Healthchecks 1-6
2021-09-09 18:10:15,021 INFO o.a.j.t.JMeterThread: Thread started: Healthchecks 1-7
2021-09-09 18:10:15,120 INFO o.a.j.t.JMeterThread: Thread started: Healthchecks 1-8
2021-09-09 18:10:15,220 INFO o.a.j.t.JMeterThread: Thread started: Healthchecks 1-9
2021-09-09 18:10:15,321 INFO o.a.j.t.JMeterThread: Thread started: Healthchecks 1-10
2021-09-09 18:11:15,241 INFO o.a.j.g.a.Start: Shutting test down
2021-09-09 18:11:15,253 INFO o.a.j.t.JMeterThread: Stopping: Healthchecks 1-6
2021-09-09 18:11:15,254 INFO o.a.j.t.JMeterThread: Stopping: Healthchecks 1-5
2021-09-09 18:11:15,254 INFO o.a.j.t.JMeterThread: Stopping: Healthchecks 1-2
2021-09-09 18:11:15,254 INFO o.a.j.t.JMeterThread: Stopping: Healthchecks 1-10
2021-09-09 18:11:15,254 INFO o.a.j.t.JMeterThread: Stopping: Healthchecks 1-8
2021-09-09 18:11:15,254 INFO o.a.j.t.JMeterThread: Stopping: Healthchecks 1-1
2021-09-09 18:11:15,254 INFO o.a.j.t.JMeterThread: Stopping: Healthchecks 1-9
2021-09-09 18:11:15,254 INFO o.a.j.t.JMeterThread: Stopping: Healthchecks 1-3
2021-09-09 18:11:15,254 INFO o.a.j.t.JMeterThread: Stopping: Healthchecks 1-7
2021-09-09 18:11:15,254 INFO o.a.j.t.JMeterThread: Stopping: Healthchecks 1-4
2021-09-09 18:11:15,308 INFO o.a.j.t.JMeterThread: Thread finished: Healthchecks 1-7
2021-09-09 18:11:15,378 INFO o.a.j.t.JMeterThread: Thread finished: Healthchecks 1-5
2021-09-09 18:11:15,402 INFO o.a.j.t.JMeterThread: Thread finished: Healthchecks 1-6
2021-09-09 18:11:15,469 INFO o.a.j.t.JMeterThread: Thread finished: Healthchecks 1-4
2021-09-09 18:11:15,494 INFO o.a.j.t.JMeterThread: Thread finished: Healthchecks 1-1
2021-09-09 18:11:15,526 INFO o.a.j.t.JMeterThread: Thread finished: Healthchecks 1-9
2021-09-09 18:11:15,526 INFO o.a.j.t.JMeterThread: Thread finished: Healthchecks 1-3
2021-09-09 18:11:15,585 INFO o.a.j.t.JMeterThread: Thread finished: Healthchecks 1-2
2021-09-09 18:11:15,594 INFO o.a.j.t.JMeterThread: Thread finished: Healthchecks 1-10
2021-09-09 18:11:15,595 INFO o.a.j.t.JMeterThread: Thread finished: Healthchecks 1-8
2021-09-09 18:11:15,595 INFO o.a.j.e.StandardJMeterEngine: Notifying test listeners of end of test
2021-09-09 18:11:15,595 INFO o.a.j.g.u.JMeterMenuBar: setRunning(false, *local*)
2021-09-09 18:11:23,845 INFO o.a.j.e.StandardJMeterEngine: Running the test!
2021-09-09 18:11:23,845 INFO o.a.j.s.SampleEvent: List of sample_variables: []
2021-09-09 18:11:23,845 INFO o.a.j.g.u.JMeterMenuBar: setRunning(true, *local*)
2021-09-09 18:11:23,873 INFO o.a.j.e.StandardJMeterEngine: Starting ThreadGroup: 1 : Healthchecks
2021-09-09 18:11:23,874 INFO o.a.j.e.StandardJMeterEngine: Starting 10 threads for group Healthchecks.
2021-09-09 18:11:23,874 INFO o.a.j.e.StandardJMeterEngine: Thread will continue on error
2021-09-09 18:11:23,874 INFO o.a.j.t.ThreadGroup: Starting thread group... number=1 threads=10 ramp-up=1 delayedStart=false
2021-09-09 18:11:23,874 INFO o.a.j.t.JMeterThread: Thread started: Healthchecks 1-1
2021-09-09 18:11:23,876 INFO o.a.j.t.ThreadGroup: Started thread group number 1
2021-09-09 18:11:23,876 INFO o.a.j.e.StandardJMeterEngine: All thread groups have been started
2021-09-09 18:11:23,976 INFO o.a.j.t.JMeterThread: Thread started: Healthchecks 1-2
2021-09-09 18:11:24,087 INFO o.a.j.t.JMeterThread: Thread started: Healthchecks 1-3
2021-09-09 18:11:24,181 INFO o.a.j.t.JMeterThread: Thread started: Healthchecks 1-4
2021-09-09 18:11:24,275 INFO o.a.j.t.JMeterThread: Thread started: Healthchecks 1-5
2021-09-09 18:11:24,374 INFO o.a.j.t.JMeterThread: Thread started: Healthchecks 1-6
2021-09-09 18:11:24,476 INFO o.a.j.t.JMeterThread: Thread started: Healthchecks 1-7
2021-09-09 18:11:24,575 INFO o.a.j.t.JMeterThread: Thread started: Healthchecks 1-8
2021-09-09 18:11:24,675 INFO o.a.j.t.JMeterThread: Thread started: Healthchecks 1-9
2021-09-09 18:11:24,774 INFO o.a.j.t.JMeterThread: Thread started: Healthchecks 1-10
2021-09-09 18:12:03,910 INFO o.a.j.t.JMeterThread: Thread is done: Healthchecks 1-1
2021-09-09 18:12:03,910 INFO o.a.j.t.JMeterThread: Thread finished: Healthchecks 1-1
2021-09-09 18:12:04,242 INFO o.a.j.t.JMeterThread: Thread is done: Healthchecks 1-3
2021-09-09 18:12:04,242 INFO o.a.j.t.JMeterThread: Thread finished: Healthchecks 1-3
2021-09-09 18:12:04,272 INFO o.a.j.t.JMeterThread: Thread is done: Healthchecks 1-2
2021-09-09 18:12:04,272 INFO o.a.j.t.JMeterThread: Thread finished: Healthchecks 1-2
2021-09-09 18:12:04,327 INFO o.a.j.t.JMeterThread: Thread is done: Healthchecks 1-4
2021-09-09 18:12:04,327 INFO o.a.j.t.JMeterThread: Thread finished: Healthchecks 1-4
2021-09-09 18:12:04,328 INFO o.a.j.t.JMeterThread: Thread is done: Healthchecks 1-5
2021-09-09 18:12:04,328 INFO o.a.j.t.JMeterThread: Thread finished: Healthchecks 1-5
2021-09-09 18:12:04,344 INFO o.a.j.t.JMeterThread: Thread is done: Healthchecks 1-6
2021-09-09 18:12:04,344 INFO o.a.j.t.JMeterThread: Thread finished: Healthchecks 1-6
2021-09-09 18:12:04,600 INFO o.a.j.t.JMeterThread: Thread is done: Healthchecks 1-7
2021-09-09 18:12:04,600 INFO o.a.j.t.JMeterThread: Thread finished: Healthchecks 1-7
2021-09-09 18:12:04,706 INFO o.a.j.t.JMeterThread: Thread is done: Healthchecks 1-8
2021-09-09 18:12:04,706 INFO o.a.j.t.JMeterThread: Thread finished: Healthchecks 1-8
2021-09-09 18:12:04,708 INFO o.a.j.t.JMeterThread: Thread is done: Healthchecks 1-9
2021-09-09 18:12:04,708 INFO o.a.j.t.JMeterThread: Thread finished: Healthchecks 1-9
2021-09-09 18:12:04,859 INFO o.a.j.t.JMeterThread: Thread is done: Healthchecks 1-10
2021-09-09 18:12:04,859 INFO o.a.j.t.JMeterThread: Thread finished: Healthchecks 1-10
2021-09-09 18:12:04,859 INFO o.a.j.e.StandardJMeterEngine: Notifying test listeners of end of test
2021-09-09 18:12:04,859 INFO o.a.j.g.u.JMeterMenuBar: setRunning(false, *local*)
2021-09-09 18:12:25,600 INFO o.a.j.e.StandardJMeterEngine: Running the test!
2021-09-09 18:12:25,600 INFO o.a.j.s.SampleEvent: List of sample_variables: []
2021-09-09 18:12:25,601 INFO o.a.j.g.u.JMeterMenuBar: setRunning(true, *local*)
2021-09-09 18:12:25,634 INFO o.a.j.e.StandardJMeterEngine: Starting ThreadGroup: 1 : Healthchecks
2021-09-09 18:12:25,634 INFO o.a.j.e.StandardJMeterEngine: Starting 10 threads for group Healthchecks.
2021-09-09 18:12:25,635 INFO o.a.j.e.StandardJMeterEngine: Thread will continue on error
2021-09-09 18:12:25,635 INFO o.a.j.t.ThreadGroup: Starting thread group... number=1 threads=10 ramp-up=1 delayedStart=false
2021-09-09 18:12:25,635 INFO o.a.j.t.JMeterThread: Thread started: Healthchecks 1-1
2021-09-09 18:12:25,637 INFO o.a.j.t.ThreadGroup: Started thread group number 1
2021-09-09 18:12:25,637 INFO o.a.j.e.StandardJMeterEngine: All thread groups have been started
2021-09-09 18:12:25,750 INFO o.a.j.t.JMeterThread: Thread started: Healthchecks 1-2
2021-09-09 18:12:25,845 INFO o.a.j.t.JMeterThread: Thread started: Healthchecks 1-3
2021-09-09 18:12:25,938 INFO o.a.j.t.JMeterThread: Thread started: Healthchecks 1-4
2021-09-09 18:12:26,036 INFO o.a.j.t.JMeterThread: Thread started: Healthchecks 1-5
2021-09-09 18:12:26,136 INFO o.a.j.t.JMeterThread: Thread started: Healthchecks 1-6
2021-09-09 18:12:26,237 INFO o.a.j.t.JMeterThread: Thread started: Healthchecks 1-7
2021-09-09 18:12:26,336 INFO o.a.j.t.JMeterThread: Thread started: Healthchecks 1-8
2021-09-09 18:12:26,435 INFO o.a.j.t.JMeterThread: Thread started: Healthchecks 1-9
2021-09-09 18:12:26,536 INFO o.a.j.t.JMeterThread: Thread started: Healthchecks 1-10
2021-09-09 18:13:05,676 INFO o.a.j.t.JMeterThread: Thread is done: Healthchecks 1-1
2021-09-09 18:13:05,677 INFO o.a.j.t.JMeterThread: Thread finished: Healthchecks 1-1
2021-09-09 18:13:05,952 INFO o.a.j.t.JMeterThread: Thread is done: Healthchecks 1-2
2021-09-09 18:13:05,952 INFO o.a.j.t.JMeterThread: Thread finished: Healthchecks 1-2
2021-09-09 18:13:05,970 INFO o.a.j.t.JMeterThread: Thread is done: Healthchecks 1-3
2021-09-09 18:13:05,970 INFO o.a.j.t.JMeterThread: Thread finished: Healthchecks 1-3
2021-09-09 18:13:06,147 INFO o.a.j.t.JMeterThread: Thread is done: Healthchecks 1-4
2021-09-09 18:13:06,148 INFO o.a.j.t.JMeterThread: Thread finished: Healthchecks 1-4
2021-09-09 18:13:06,178 INFO o.a.j.t.JMeterThread: Thread is done: Healthchecks 1-5
2021-09-09 18:13:06,178 INFO o.a.j.t.JMeterThread: Thread finished: Healthchecks 1-5
2021-09-09 18:13:06,293 INFO o.a.j.t.JMeterThread: Thread is done: Healthchecks 1-6
2021-09-09 18:13:06,294 INFO o.a.j.t.JMeterThread: Thread finished: Healthchecks 1-6
2021-09-09 18:13:06,445 INFO o.a.j.t.JMeterThread: Thread is done: Healthchecks 1-8
2021-09-09 18:13:06,445 INFO o.a.j.t.JMeterThread: Thread finished: Healthchecks 1-8
2021-09-09 18:13:06,480 INFO o.a.j.t.JMeterThread: Thread is done: Healthchecks 1-7
2021-09-09 18:13:06,480 INFO o.a.j.t.JMeterThread: Thread finished: Healthchecks 1-7
2021-09-09 18:13:06,528 INFO o.a.j.t.JMeterThread: Thread is done: Healthchecks 1-10
2021-09-09 18:13:06,528 INFO o.a.j.t.JMeterThread: Thread finished: Healthchecks 1-10
2021-09-09 18:13:06,529 INFO o.a.j.t.JMeterThread: Thread is done: Healthchecks 1-9
2021-09-09 18:13:06,529 INFO o.a.j.t.JMeterThread: Thread finished: Healthchecks 1-9
2021-09-09 18:13:06,529 INFO o.a.j.e.StandardJMeterEngine: Notifying test listeners of end of test
2021-09-09 18:13:06,529 INFO o.a.j.g.u.JMeterMenuBar: setRunning(false, *local*)
2021-09-09 18:36:59,102 INFO o.a.j.e.StandardJMeterEngine: Running the test!
2021-09-09 18:36:59,102 INFO o.a.j.s.SampleEvent: List of sample_variables: []
2021-09-09 18:36:59,102 INFO o.a.j.g.u.JMeterMenuBar: setRunning(true, *local*)
2021-09-09 18:36:59,132 INFO o.a.j.e.StandardJMeterEngine: Starting ThreadGroup: 1 : Healthchecks
2021-09-09 18:36:59,132 INFO o.a.j.e.StandardJMeterEngine: Starting 10 threads for group Healthchecks.
2021-09-09 18:36:59,132 INFO o.a.j.e.StandardJMeterEngine: Thread will continue on error
2021-09-09 18:36:59,132 INFO o.a.j.t.ThreadGroup: Starting thread group... number=1 threads=10 ramp-up=1 delayedStart=false
2021-09-09 18:36:59,133 INFO o.a.j.t.JMeterThread: Thread started: Healthchecks 1-1
2021-09-09 18:36:59,134 INFO o.a.j.t.ThreadGroup: Started thread group number 1
2021-09-09 18:36:59,134 INFO o.a.j.e.StandardJMeterEngine: All thread groups have been started
2021-09-09 18:36:59,243 INFO o.a.j.t.JMeterThread: Thread started: Healthchecks 1-2
2021-09-09 18:36:59,336 INFO o.a.j.t.JMeterThread: Thread started: Healthchecks 1-3
2021-09-09 18:36:59,433 INFO o.a.j.t.JMeterThread: Thread started: Healthchecks 1-4
2021-09-09 18:36:59,534 INFO o.a.j.t.JMeterThread: Thread started: Healthchecks 1-5
2021-09-09 18:36:59,634 INFO o.a.j.t.JMeterThread: Thread started: Healthchecks 1-6
2021-09-09 18:36:59,734 INFO o.a.j.t.JMeterThread: Thread started: Healthchecks 1-7
2021-09-09 18:36:59,834 INFO o.a.j.t.JMeterThread: Thread started: Healthchecks 1-8
2021-09-09 18:36:59,934 INFO o.a.j.t.JMeterThread: Thread started: Healthchecks 1-9
2021-09-09 18:37:00,032 INFO o.a.j.t.JMeterThread: Thread started: Healthchecks 1-10
2021-09-09 18:37:39,484 INFO o.a.j.t.JMeterThread: Thread is done: Healthchecks 1-2
2021-09-09 18:37:39,484 INFO o.a.j.t.JMeterThread: Thread finished: Healthchecks 1-2
2021-09-09 18:37:39,485 INFO o.a.j.t.JMeterThread: Thread is done: Healthchecks 1-1
2021-09-09 18:37:39,486 INFO o.a.j.t.JMeterThread: Thread finished: Healthchecks 1-1
2021-09-09 18:37:39,514 INFO o.a.j.t.JMeterThread: Thread is done: Healthchecks 1-4
2021-09-09 18:37:39,514 INFO o.a.j.t.JMeterThread: Thread finished: Healthchecks 1-4
2021-09-09 18:37:39,535 INFO o.a.j.t.JMeterThread: Thread is done: Healthchecks 1-3
2021-09-09 18:37:39,535 INFO o.a.j.t.JMeterThread: Thread finished: Healthchecks 1-3
2021-09-09 18:37:39,770 INFO o.a.j.t.JMeterThread: Thread is done: Healthchecks 1-6
2021-09-09 18:37:39,770 INFO o.a.j.t.JMeterThread: Thread finished: Healthchecks 1-6
2021-09-09 18:37:39,771 INFO o.a.j.t.JMeterThread: Thread is done: Healthchecks 1-7
2021-09-09 18:37:39,771 INFO o.a.j.t.JMeterThread: Thread finished: Healthchecks 1-7
2021-09-09 18:37:39,814 INFO o.a.j.t.JMeterThread: Thread is done: Healthchecks 1-5
2021-09-09 18:37:39,814 INFO o.a.j.t.JMeterThread: Thread finished: Healthchecks 1-5
2021-09-09 18:37:40,042 INFO o.a.j.t.JMeterThread: Thread is done: Healthchecks 1-8
2021-09-09 18:37:40,042 INFO o.a.j.t.JMeterThread: Thread finished: Healthchecks 1-8
2021-09-09 18:37:40,161 INFO o.a.j.t.JMeterThread: Thread is done: Healthchecks 1-10
2021-09-09 18:37:40,161 INFO o.a.j.t.JMeterThread: Thread finished: Healthchecks 1-10
2021-09-09 18:37:40,165 INFO o.a.j.t.JMeterThread: Thread is done: Healthchecks 1-9
2021-09-09 18:37:40,165 INFO o.a.j.t.JMeterThread: Thread finished: Healthchecks 1-9
2021-09-09 18:37:40,166 INFO o.a.j.e.StandardJMeterEngine: Notifying test listeners of end of test
2021-09-09 18:37:40,166 INFO o.a.j.g.u.JMeterMenuBar: setRunning(false, *local*)
2021-09-09 18:47:44,530 INFO o.a.j.e.StandardJMeterEngine: Running the test!
2021-09-09 18:47:44,531 INFO o.a.j.s.SampleEvent: List of sample_variables: []
2021-09-09 18:47:44,532 INFO o.a.j.g.u.JMeterMenuBar: setRunning(true, *local*)
2021-09-09 18:47:44,564 INFO o.a.j.e.StandardJMeterEngine: Starting ThreadGroup: 1 : Healthchecks
2021-09-09 18:47:44,564 INFO o.a.j.e.StandardJMeterEngine: Starting 10 threads for group Healthchecks.
2021-09-09 18:47:44,564 INFO o.a.j.e.StandardJMeterEngine: Thread will continue on error
2021-09-09 18:47:44,564 INFO o.a.j.t.ThreadGroup: Starting thread group... number=1 threads=10 ramp-up=1 delayedStart=false
2021-09-09 18:47:44,565 INFO o.a.j.t.JMeterThread: Thread started: Healthchecks 1-1
2021-09-09 18:47:44,566 INFO o.a.j.t.ThreadGroup: Started thread group number 1
2021-09-09 18:47:44,566 INFO o.a.j.e.StandardJMeterEngine: All thread groups have been started
2021-09-09 18:47:44,665 INFO o.a.j.t.JMeterThread: Thread started: Healthchecks 1-2
2021-09-09 18:47:44,764 INFO o.a.j.t.JMeterThread: Thread started: Healthchecks 1-3
2021-09-09 18:47:44,864 INFO o.a.j.t.JMeterThread: Thread started: Healthchecks 1-4
2021-09-09 18:47:44,965 INFO o.a.j.t.JMeterThread: Thread started: Healthchecks 1-5
2021-09-09 18:47:45,066 INFO o.a.j.t.JMeterThread: Thread started: Healthchecks 1-6
2021-09-09 18:47:45,166 INFO o.a.j.t.JMeterThread: Thread started: Healthchecks 1-7
2021-09-09 18:47:45,266 INFO o.a.j.t.JMeterThread: Thread started: Healthchecks 1-8
2021-09-09 18:47:45,366 INFO o.a.j.t.JMeterThread: Thread started: Healthchecks 1-9
2021-09-09 18:47:45,465 INFO o.a.j.t.JMeterThread: Thread started: Healthchecks 1-10
2021-09-09 18:48:24,642 INFO o.a.j.t.JMeterThread: Thread is done: Healthchecks 1-2
2021-09-09 18:48:24,642 INFO o.a.j.t.JMeterThread: Thread finished: Healthchecks 1-2
2021-09-09 18:48:24,651 INFO o.a.j.t.JMeterThread: Thread is done: Healthchecks 1-1
2021-09-09 18:48:24,651 INFO o.a.j.t.JMeterThread: Thread finished: Healthchecks 1-1
2021-09-09 18:48:24,846 INFO o.a.j.t.JMeterThread: Thread is done: Healthchecks 1-4
2021-09-09 18:48:24,846 INFO o.a.j.t.JMeterThread: Thread finished: Healthchecks 1-4
2021-09-09 18:48:24,923 INFO o.a.j.t.JMeterThread: Thread is done: Healthchecks 1-3
2021-09-09 18:48:24,923 INFO o.a.j.t.JMeterThread: Thread finished: Healthchecks 1-3
2021-09-09 18:48:25,137 INFO o.a.j.t.JMeterThread: Thread is done: Healthchecks 1-5
2021-09-09 18:48:25,137 INFO o.a.j.t.JMeterThread: Thread finished: Healthchecks 1-5
2021-09-09 18:48:25,195 INFO o.a.j.t.JMeterThread: Thread is done: Healthchecks 1-6
2021-09-09 18:48:25,195 INFO o.a.j.t.JMeterThread: Thread finished: Healthchecks 1-6
2021-09-09 18:48:25,197 INFO o.a.j.t.JMeterThread: Thread is done: Healthchecks 1-7
2021-09-09 18:48:25,197 INFO o.a.j.t.JMeterThread: Thread finished: Healthchecks 1-7
2021-09-09 18:48:25,376 INFO o.a.j.t.JMeterThread: Thread is done: Healthchecks 1-8
2021-09-09 18:48:25,376 INFO o.a.j.t.JMeterThread: Thread finished: Healthchecks 1-8
2021-09-09 18:48:25,482 INFO o.a.j.t.JMeterThread: Thread is done: Healthchecks 1-9
2021-09-09 18:48:25,482 INFO o.a.j.t.JMeterThread: Thread finished: Healthchecks 1-9
2021-09-09 18:48:25,530 INFO o.a.j.t.JMeterThread: Thread is done: Healthchecks 1-10
2021-09-09 18:48:25,530 INFO o.a.j.t.JMeterThread: Thread finished: Healthchecks 1-10
2021-09-09 18:48:25,530 INFO o.a.j.e.StandardJMeterEngine: Notifying test listeners of end of test
2021-09-09 18:48:25,530 INFO o.a.j.g.u.JMeterMenuBar: setRunning(false, *local*)
2021-09-09 18:49:14,073 INFO o.a.j.e.StandardJMeterEngine: Running the test!
2021-09-09 18:49:14,073 INFO o.a.j.s.SampleEvent: List of sample_variables: []
2021-09-09 18:49:14,073 INFO o.a.j.g.u.JMeterMenuBar: setRunning(true, *local*)
2021-09-09 18:49:14,103 INFO o.a.j.e.StandardJMeterEngine: Starting ThreadGroup: 1 : Healthchecks
2021-09-09 18:49:14,103 INFO o.a.j.e.StandardJMeterEngine: Starting 10 threads for group Healthchecks.
2021-09-09 18:49:14,103 INFO o.a.j.e.StandardJMeterEngine: Thread will continue on error
2021-09-09 18:49:14,104 INFO o.a.j.t.ThreadGroup: Starting thread group... number=1 threads=10 ramp-up=1 delayedStart=false
2021-09-09 18:49:14,104 INFO o.a.j.t.JMeterThread: Thread started: Healthchecks 1-1
2021-09-09 18:49:14,106 INFO o.a.j.t.ThreadGroup: Started thread group number 1
2021-09-09 18:49:14,106 INFO o.a.j.e.StandardJMeterEngine: All thread groups have been started
2021-09-09 18:49:14,217 INFO o.a.j.t.JMeterThread: Thread started: Healthchecks 1-2
2021-09-09 18:49:14,311 INFO o.a.j.t.JMeterThread: Thread started: Healthchecks 1-3
2021-09-09 18:49:14,405 INFO o.a.j.t.JMeterThread: Thread started: Healthchecks 1-4
2021-09-09 18:49:14,505 INFO o.a.j.t.JMeterThread: Thread started: Healthchecks 1-5
2021-09-09 18:49:14,604 INFO o.a.j.t.JMeterThread: Thread started: Healthchecks 1-6
2021-09-09 18:49:14,704 INFO o.a.j.t.JMeterThread: Thread started: Healthchecks 1-7
2021-09-09 18:49:14,805 INFO o.a.j.t.JMeterThread: Thread started: Healthchecks 1-8
2021-09-09 18:49:14,905 INFO o.a.j.t.JMeterThread: Thread started: Healthchecks 1-9
2021-09-09 18:49:15,005 INFO o.a.j.t.JMeterThread: Thread started: Healthchecks 1-10
2021-09-09 18:49:55,828 INFO o.a.j.t.JMeterThread: Thread is done: Healthchecks 1-2
2021-09-09 18:49:55,828 INFO o.a.j.t.JMeterThread: Thread finished: Healthchecks 1-2
2021-09-09 18:49:55,891 INFO o.a.j.t.JMeterThread: Thread is done: Healthchecks 1-4
2021-09-09 18:49:55,891 INFO o.a.j.t.JMeterThread: Thread finished: Healthchecks 1-4
2021-09-09 18:49:55,903 INFO o.a.j.t.JMeterThread: Thread is done: Healthchecks 1-1
2021-09-09 18:49:55,903 INFO o.a.j.t.JMeterThread: Thread finished: Healthchecks 1-1
2021-09-09 18:49:55,915 INFO o.a.j.t.JMeterThread: Thread is done: Healthchecks 1-9
2021-09-09 18:49:55,915 INFO o.a.j.t.JMeterThread: Thread finished: Healthchecks 1-9
2021-09-09 18:49:55,946 INFO o.a.j.t.JMeterThread: Thread is done: Healthchecks 1-5
2021-09-09 18:49:55,946 INFO o.a.j.t.JMeterThread: Thread finished: Healthchecks 1-5
2021-09-09 18:49:56,259 INFO o.a.j.t.JMeterThread: Thread is done: Healthchecks 1-7
2021-09-09 18:49:56,259 INFO o.a.j.t.JMeterThread: Thread finished: Healthchecks 1-7
2021-09-09 18:49:56,296 INFO o.a.j.t.JMeterThread: Thread is done: Healthchecks 1-8
2021-09-09 18:49:56,296 INFO o.a.j.t.JMeterThread: Thread finished: Healthchecks 1-8
2021-09-09 18:49:56,297 INFO o.a.j.t.JMeterThread: Thread is done: Healthchecks 1-6
2021-09-09 18:49:56,297 INFO o.a.j.t.JMeterThread: Thread finished: Healthchecks 1-6
2021-09-09 18:49:56,323 INFO o.a.j.t.JMeterThread: Thread is done: Healthchecks 1-3
2021-09-09 18:49:56,323 INFO o.a.j.t.JMeterThread: Thread finished: Healthchecks 1-3
2021-09-09 18:49:56,346 INFO o.a.j.t.JMeterThread: Thread is done: Healthchecks 1-10
2021-09-09 18:49:56,346 INFO o.a.j.t.JMeterThread: Thread finished: Healthchecks 1-10
2021-09-09 18:49:56,346 INFO o.a.j.e.StandardJMeterEngine: Notifying test listeners of end of test
2021-09-09 18:49:56,346 INFO o.a.j.g.u.JMeterMenuBar: setRunning(false, *local*)
2021-09-09 18:53:26,130 INFO o.a.j.e.StandardJMeterEngine: Running the test!
2021-09-09 18:53:26,130 INFO o.a.j.s.SampleEvent: List of sample_variables: []
2021-09-09 18:53:26,131 INFO o.a.j.g.u.JMeterMenuBar: setRunning(true, *local*)
2021-09-09 18:53:26,157 INFO o.a.j.e.StandardJMeterEngine: Starting ThreadGroup: 1 : Healthchecks
2021-09-09 18:53:26,157 INFO o.a.j.e.StandardJMeterEngine: Starting 10 threads for group Healthchecks.
2021-09-09 18:53:26,157 INFO o.a.j.e.StandardJMeterEngine: Thread will continue on error
2021-09-09 18:53:26,157 INFO o.a.j.t.ThreadGroup: Starting thread group... number=1 threads=10 ramp-up=1 delayedStart=false
2021-09-09 18:53:26,158 INFO o.a.j.t.JMeterThread: Thread started: Healthchecks 1-1
2021-09-09 18:53:26,159 INFO o.a.j.t.ThreadGroup: Started thread group number 1
2021-09-09 18:53:26,159 INFO o.a.j.e.StandardJMeterEngine: All thread groups have been started
2021-09-09 18:53:26,258 INFO o.a.j.t.JMeterThread: Thread started: Healthchecks 1-2
2021-09-09 18:53:26,357 INFO o.a.j.t.JMeterThread: Thread started: Healthchecks 1-3
2021-09-09 18:53:26,459 INFO o.a.j.t.JMeterThread: Thread started: Healthchecks 1-4
2021-09-09 18:53:26,558 INFO o.a.j.t.JMeterThread: Thread started: Healthchecks 1-5
2021-09-09 18:53:26,658 INFO o.a.j.t.JMeterThread: Thread started: Healthchecks 1-6
2021-09-09 18:53:26,758 INFO o.a.j.t.JMeterThread: Thread started: Healthchecks 1-7
2021-09-09 18:53:26,859 INFO o.a.j.t.JMeterThread: Thread started: Healthchecks 1-8
2021-09-09 18:53:26,958 INFO o.a.j.t.JMeterThread: Thread started: Healthchecks 1-9
2021-09-09 18:53:27,058 INFO o.a.j.t.JMeterThread: Thread started: Healthchecks 1-10
2021-09-09 18:53:41,138 INFO o.a.j.g.a.Start: Stopping test
2021-09-09 18:53:41,149 INFO o.a.j.t.JMeterThread: Stopping: Healthchecks 1-9
2021-09-09 18:53:41,149 INFO o.a.j.t.JMeterThread: Stopping: Healthchecks 1-5
2021-09-09 18:53:41,149 INFO o.a.j.t.JMeterThread: Stopping: Healthchecks 1-6
2021-09-09 18:53:41,149 INFO o.a.j.t.JMeterThread: Stopping: Healthchecks 1-10
2021-09-09 18:53:41,149 WARN o.a.j.t.JMeterThread: The delay timer was interrupted - probably did not wait as long as intended.
2021-09-09 18:53:41,149 WARN o.a.j.t.JMeterThread: The delay timer was interrupted - probably did not wait as long as intended.
2021-09-09 18:53:41,149 WARN o.a.j.t.JMeterThread: The delay timer was interrupted - probably did not wait as long as intended.
2021-09-09 18:53:41,149 INFO o.a.j.t.JMeterThread: Thread finished: Healthchecks 1-6
2021-09-09 18:53:41,149 WARN o.a.j.t.JMeterThread: The delay timer was interrupted - probably did not wait as long as intended.
2021-09-09 18:53:41,149 INFO o.a.j.t.JMeterThread: Thread finished: Healthchecks 1-9
2021-09-09 18:53:41,149 INFO o.a.j.t.JMeterThread: Thread finished: Healthchecks 1-10
2021-09-09 18:53:41,149 INFO o.a.j.t.JMeterThread: Stopping: Healthchecks 1-8
2021-09-09 18:53:41,149 INFO o.a.j.t.JMeterThread: Stopping: Healthchecks 1-2
2021-09-09 18:53:41,150 INFO o.a.j.t.JMeterThread: Thread finished: Healthchecks 1-5
2021-09-09 18:53:41,150 INFO o.a.j.t.JMeterThread: Stopping: Healthchecks 1-4
2021-09-09 18:53:41,150 WARN o.a.j.t.JMeterThread: The delay timer was interrupted - probably did not wait as long as intended.
2021-09-09 18:53:41,150 WARN o.a.j.t.JMeterThread: The delay timer was interrupted - probably did not wait as long as intended.
2021-09-09 18:53:41,150 INFO o.a.j.t.JMeterThread: Thread finished: Healthchecks 1-2
2021-09-09 18:53:41,150 INFO o.a.j.t.JMeterThread: Stopping: Healthchecks 1-7
2021-09-09 18:53:41,150 INFO o.a.j.t.JMeterThread: Thread finished: Healthchecks 1-8
2021-09-09 18:53:41,151 INFO o.a.j.t.JMeterThread: Stopping: Healthchecks 1-3
2021-09-09 18:53:41,151 INFO o.a.j.t.JMeterThread: Stopping: Healthchecks 1-1
2021-09-09 18:53:41,151 WARN o.a.j.t.JMeterThread: The delay timer was interrupted - probably did not wait as long as intended.
2021-09-09 18:53:41,151 WARN o.a.j.t.JMeterThread: The delay timer was interrupted - probably did not wait as long as intended.
2021-09-09 18:53:41,151 INFO o.a.j.t.JMeterThread: Thread finished: Healthchecks 1-7
2021-09-09 18:53:41,151 INFO o.a.j.t.JMeterThread: Thread finished: Healthchecks 1-1
2021-09-09 18:53:41,152 WARN o.a.j.t.JMeterThread: The delay timer was interrupted - probably did not wait as long as intended.
2021-09-09 18:53:41,152 INFO o.a.j.t.JMeterThread: Thread finished: Healthchecks 1-4
2021-09-09 18:53:41,152 WARN o.a.j.t.JMeterThread: The delay timer was interrupted - probably did not wait as long as intended.
2021-09-09 18:53:41,152 INFO o.a.j.t.JMeterThread: Thread finished: Healthchecks 1-3
2021-09-09 18:53:41,154 INFO o.a.j.e.StandardJMeterEngine: Notifying test listeners of end of test
2021-09-09 18:53:41,154 INFO o.a.j.g.u.JMeterMenuBar: setRunning(false, *local*)
2021-09-09 18:54:23,695 INFO o.a.j.e.StandardJMeterEngine: Running the test!
2021-09-09 18:54:23,695 INFO o.a.j.s.SampleEvent: List of sample_variables: []
2021-09-09 18:54:23,696 INFO o.a.j.g.u.JMeterMenuBar: setRunning(true, *local*)
2021-09-09 18:54:23,725 INFO o.a.j.e.StandardJMeterEngine: Starting ThreadGroup: 1 : Healthchecks
2021-09-09 18:54:23,725 INFO o.a.j.e.StandardJMeterEngine: Starting 10 threads for group Healthchecks.
2021-09-09 18:54:23,725 INFO o.a.j.e.StandardJMeterEngine: Thread will continue on error
2021-09-09 18:54:23,725 INFO o.a.j.t.ThreadGroup: Starting thread group... number=1 threads=10 ramp-up=1 delayedStart=false
2021-09-09 18:54:23,726 INFO o.a.j.t.JMeterThread: Thread started: Healthchecks 1-1
2021-09-09 18:54:23,726 INFO o.a.j.t.ThreadGroup: Started thread group number 1
2021-09-09 18:54:23,726 INFO o.a.j.e.StandardJMeterEngine: All thread groups have been started
2021-09-09 18:54:23,837 INFO o.a.j.t.JMeterThread: Thread started: Healthchecks 1-2
2021-09-09 18:54:23,933 INFO o.a.j.t.JMeterThread: Thread started: Healthchecks 1-3
2021-09-09 18:54:24,027 INFO o.a.j.t.JMeterThread: Thread started: Healthchecks 1-4
2021-09-09 18:54:24,125 INFO o.a.j.t.JMeterThread: Thread started: Healthchecks 1-5
2021-09-09 18:54:24,225 INFO o.a.j.t.JMeterThread: Thread started: Healthchecks 1-6
2021-09-09 18:54:24,326 INFO o.a.j.t.JMeterThread: Thread started: Healthchecks 1-7
2021-09-09 18:54:24,426 INFO o.a.j.t.JMeterThread: Thread started: Healthchecks 1-8
2021-09-09 18:54:24,526 INFO o.a.j.t.JMeterThread: Thread started: Healthchecks 1-9
2021-09-09 18:54:24,627 INFO o.a.j.t.JMeterThread: Thread started: Healthchecks 1-10
2021-09-09 18:54:51,872 INFO o.a.j.g.a.Start: Shutting test down
2021-09-09 18:54:51,884 INFO o.a.j.t.JMeterThread: Stopping: Healthchecks 1-6
2021-09-09 18:54:51,884 INFO o.a.j.t.JMeterThread: Stopping: Healthchecks 1-1
2021-09-09 18:54:51,884 INFO o.a.j.t.JMeterThread: Stopping: Healthchecks 1-5
2021-09-09 18:54:51,884 INFO o.a.j.t.JMeterThread: Stopping: Healthchecks 1-8
2021-09-09 18:54:51,884 INFO o.a.j.t.JMeterThread: Stopping: Healthchecks 1-2
2021-09-09 18:54:51,884 INFO o.a.j.t.JMeterThread: Stopping: Healthchecks 1-9
2021-09-09 18:54:51,884 INFO o.a.j.t.JMeterThread: Stopping: Healthchecks 1-3
2021-09-09 18:54:51,884 INFO o.a.j.t.JMeterThread: Stopping: Healthchecks 1-7
2021-09-09 18:54:51,884 INFO o.a.j.t.JMeterThread: Stopping: Healthchecks 1-10
2021-09-09 18:54:51,884 INFO o.a.j.t.JMeterThread: Stopping: Healthchecks 1-4
2021-09-09 18:54:52,468 INFO o.a.j.t.JMeterThread: Thread finished: Healthchecks 1-6
2021-09-09 18:54:52,499 INFO o.a.j.t.JMeterThread: Thread finished: Healthchecks 1-10
2021-09-09 18:54:52,575 INFO o.a.j.t.JMeterThread: Thread finished: Healthchecks 1-8
2021-09-09 18:54:52,699 INFO o.a.j.t.JMeterThread: Thread finished: Healthchecks 1-4
2021-09-09 18:54:52,716 INFO o.a.j.t.JMeterThread: Thread finished: Healthchecks 1-5
2021-09-09 18:54:52,794 INFO o.a.j.t.JMeterThread: Thread finished: Healthchecks 1-9
2021-09-09 18:54:52,794 INFO o.a.j.t.JMeterThread: Thread finished: Healthchecks 1-1
2021-09-09 18:54:52,840 INFO o.a.j.t.JMeterThread: Thread finished: Healthchecks 1-7
2021-09-09 18:54:52,840 INFO o.a.j.t.JMeterThread: Thread finished: Healthchecks 1-2
2021-09-09 18:54:52,840 INFO o.a.j.t.JMeterThread: Thread finished: Healthchecks 1-3
2021-09-09 18:54:52,841 INFO o.a.j.e.StandardJMeterEngine: Notifying test listeners of end of test
2021-09-09 18:54:52,841 INFO o.a.j.g.u.JMeterMenuBar: setRunning(false, *local*)
2021-09-09 18:55:37,452 INFO o.a.j.e.StandardJMeterEngine: Running the test!
2021-09-09 18:55:37,453 INFO o.a.j.s.SampleEvent: List of sample_variables: []
2021-09-09 18:55:37,453 INFO o.a.j.g.u.JMeterMenuBar: setRunning(true, *local*)
2021-09-09 18:55:37,480 INFO o.a.j.e.StandardJMeterEngine: Starting ThreadGroup: 1 : Healthchecks
2021-09-09 18:55:37,480 INFO o.a.j.e.StandardJMeterEngine: Starting 10 threads for group Healthchecks.
2021-09-09 18:55:37,480 INFO o.a.j.e.StandardJMeterEngine: Thread will continue on error
2021-09-09 18:55:37,480 INFO o.a.j.t.ThreadGroup: Starting thread group... number=1 threads=10 ramp-up=1 delayedStart=false
2021-09-09 18:55:37,481 INFO o.a.j.t.JMeterThread: Thread started: Healthchecks 1-1
2021-09-09 18:55:37,481 INFO o.a.j.t.ThreadGroup: Started thread group number 1
2021-09-09 18:55:37,482 INFO o.a.j.e.StandardJMeterEngine: All thread groups have been started
2021-09-09 18:55:37,589 INFO o.a.j.t.JMeterThread: Thread started: Healthchecks 1-2
2021-09-09 18:55:37,682 INFO o.a.j.t.JMeterThread: Thread started: Healthchecks 1-3
2021-09-09 18:55:37,781 INFO o.a.j.t.JMeterThread: Thread started: Healthchecks 1-4
2021-09-09 18:55:37,882 INFO o.a.j.t.JMeterThread: Thread started: Healthchecks 1-5
2021-09-09 18:55:37,982 INFO o.a.j.t.JMeterThread: Thread started: Healthchecks 1-6
2021-09-09 18:55:38,082 INFO o.a.j.t.JMeterThread: Thread started: Healthchecks 1-7
2021-09-09 18:55:38,182 INFO o.a.j.t.JMeterThread: Thread started: Healthchecks 1-8
2021-09-09 18:55:38,283 INFO o.a.j.t.JMeterThread: Thread started: Healthchecks 1-9
2021-09-09 18:55:38,382 INFO o.a.j.t.JMeterThread: Thread started: Healthchecks 1-10
2021-09-09 19:00:02,625 INFO o.a.j.g.a.Start: Shutting test down
2021-09-09 19:00:02,637 INFO o.a.j.t.JMeterThread: Stopping: Healthchecks 1-10
2021-09-09 19:00:02,638 INFO o.a.j.t.JMeterThread: Stopping: Healthchecks 1-8
2021-09-09 19:00:02,638 INFO o.a.j.t.JMeterThread: Stopping: Healthchecks 1-7
2021-09-09 19:00:02,638 INFO o.a.j.t.JMeterThread: Stopping: Healthchecks 1-2
2021-09-09 19:00:02,638 INFO o.a.j.t.JMeterThread: Stopping: Healthchecks 1-9
2021-09-09 19:00:02,638 INFO o.a.j.t.JMeterThread: Stopping: Healthchecks 1-5
2021-09-09 19:00:02,638 INFO o.a.j.t.JMeterThread: Stopping: Healthchecks 1-3
2021-09-09 19:00:02,638 INFO o.a.j.t.JMeterThread: Stopping: Healthchecks 1-1
2021-09-09 19:00:02,638 INFO o.a.j.t.JMeterThread: Stopping: Healthchecks 1-4
2021-09-09 19:00:02,638 INFO o.a.j.t.JMeterThread: Stopping: Healthchecks 1-6
2021-09-09 19:00:04,786 INFO o.a.j.t.JMeterThread: Thread finished: Healthchecks 1-1
2021-09-09 19:00:04,833 INFO o.a.j.t.JMeterThread: Thread finished: Healthchecks 1-3
2021-09-09 19:00:04,895 INFO o.a.j.t.JMeterThread: Thread finished: Healthchecks 1-5
2021-09-09 19:00:05,020 INFO o.a.j.t.JMeterThread: Thread finished: Healthchecks 1-8
2021-09-09 19:00:05,035 INFO o.a.j.t.JMeterThread: Thread finished: Healthchecks 1-9
2021-09-09 19:00:05,050 INFO o.a.j.t.JMeterThread: Thread finished: Healthchecks 1-2
2021-09-09 19:00:05,098 INFO o.a.j.t.JMeterThread: Thread finished: Healthchecks 1-4
2021-09-09 19:00:05,130 INFO o.a.j.t.JMeterThread: Thread finished: Healthchecks 1-7
2021-09-09 19:00:05,145 INFO o.a.j.t.JMeterThread: Thread finished: Healthchecks 1-6
2021-09-09 19:00:05,176 INFO o.a.j.t.JMeterThread: Thread finished: Healthchecks 1-10
2021-09-09 19:00:05,176 INFO o.a.j.e.StandardJMeterEngine: Notifying test listeners of end of test
2021-09-09 19:00:05,176 INFO o.a.j.g.u.JMeterMenuBar: setRunning(false, *local*)
2021-09-09 19:00:22,422 INFO o.a.j.e.StandardJMeterEngine: Running the test!
2021-09-09 19:00:22,422 INFO o.a.j.s.SampleEvent: List of sample_variables: []
2021-09-09 19:00:22,422 INFO o.a.j.g.u.JMeterMenuBar: setRunning(true, *local*)
2021-09-09 19:00:22,453 INFO o.a.j.e.StandardJMeterEngine: Starting ThreadGroup: 1 : Healthchecks
2021-09-09 19:00:22,453 INFO o.a.j.e.StandardJMeterEngine: Starting 10 threads for group Healthchecks.
2021-09-09 19:00:22,453 INFO o.a.j.e.StandardJMeterEngine: Thread will continue on error
2021-09-09 19:00:22,453 INFO o.a.j.t.ThreadGroup: Starting thread group... number=1 threads=10 ramp-up=1 delayedStart=false
2021-09-09 19:00:22,454 INFO o.a.j.t.JMeterThread: Thread started: Healthchecks 1-1
2021-09-09 19:00:22,455 INFO o.a.j.t.ThreadGroup: Started thread group number 1
2021-09-09 19:00:22,455 INFO o.a.j.e.StandardJMeterEngine: All thread groups have been started
2021-09-09 19:00:22,560 INFO o.a.j.t.JMeterThread: Thread started: Healthchecks 1-2
2021-09-09 19:00:22,655 INFO o.a.j.t.JMeterThread: Thread started: Healthchecks 1-3
2021-09-09 19:00:22,754 INFO o.a.j.t.JMeterThread: Thread started: Healthchecks 1-4
2021-09-09 19:00:22,854 INFO o.a.j.t.JMeterThread: Thread started: Healthchecks 1-5
2021-09-09 19:00:22,955 INFO o.a.j.t.JMeterThread: Thread started: Healthchecks 1-6
2021-09-09 19:00:23,055 INFO o.a.j.t.JMeterThread: Thread started: Healthchecks 1-7
2021-09-09 19:00:23,154 INFO o.a.j.t.JMeterThread: Thread started: Healthchecks 1-8
2021-09-09 19:00:23,254 INFO o.a.j.t.JMeterThread: Thread started: Healthchecks 1-9
2021-09-09 19:00:23,354 INFO o.a.j.t.JMeterThread: Thread started: Healthchecks 1-10
2021-09-09 19:06:32,221 INFO o.a.j.g.a.Start: Shutting test down
2021-09-09 19:06:32,231 INFO o.a.j.t.JMeterThread: Stopping: Healthchecks 1-6
2021-09-09 19:06:32,231 INFO o.a.j.t.JMeterThread: Stopping: Healthchecks 1-1
2021-09-09 19:06:32,231 INFO o.a.j.t.JMeterThread: Stopping: Healthchecks 1-7
2021-09-09 19:06:32,232 INFO o.a.j.t.JMeterThread: Stopping: Healthchecks 1-9
2021-09-09 19:06:32,232 INFO o.a.j.t.JMeterThread: Stopping: Healthchecks 1-8
2021-09-09 19:06:32,232 INFO o.a.j.t.JMeterThread: Stopping: Healthchecks 1-10
2021-09-09 19:06:32,232 INFO o.a.j.t.JMeterThread: Stopping: Healthchecks 1-3
2021-09-09 19:06:32,232 INFO o.a.j.t.JMeterThread: Stopping: Healthchecks 1-2
2021-09-09 19:06:32,232 INFO o.a.j.t.JMeterThread: Stopping: Healthchecks 1-4
2021-09-09 19:06:32,232 INFO o.a.j.t.JMeterThread: Stopping: Healthchecks 1-5
2021-09-09 19:06:32,326 INFO o.a.j.t.JMeterThread: Thread finished: Healthchecks 1-3
2021-09-09 19:06:32,366 INFO o.a.j.t.JMeterThread: Thread finished: Healthchecks 1-4
2021-09-09 19:06:32,393 INFO o.a.j.t.JMeterThread: Thread finished: Healthchecks 1-7
2021-09-09 19:06:32,414 INFO o.a.j.t.JMeterThread: Thread finished: Healthchecks 1-5
2021-09-09 19:06:32,465 INFO o.a.j.t.JMeterThread: Thread finished: Healthchecks 1-10
2021-09-09 19:06:32,529 INFO o.a.j.t.JMeterThread: Thread finished: Healthchecks 1-1
2021-09-09 19:06:32,546 INFO o.a.j.t.JMeterThread: Thread finished: Healthchecks 1-2
2021-09-09 19:06:32,547 INFO o.a.j.t.JMeterThread: Thread finished: Healthchecks 1-8
2021-09-09 19:06:32,560 INFO o.a.j.t.JMeterThread: Thread finished: Healthchecks 1-6
2021-09-09 19:06:32,597 INFO o.a.j.t.JMeterThread: Thread finished: Healthchecks 1-9
2021-09-09 19:06:32,597 INFO o.a.j.e.StandardJMeterEngine: Notifying test listeners of end of test
2021-09-09 19:06:32,597 INFO o.a.j.g.u.JMeterMenuBar: setRunning(false, *local*)
2021-09-09 22:16:28,586 INFO o.a.j.e.StandardJMeterEngine: Running the test!
2021-09-09 22:16:28,588 INFO o.a.j.s.SampleEvent: List of sample_variables: []
2021-09-09 22:16:28,590 INFO o.a.j.g.u.JMeterMenuBar: setRunning(true, *local*)
2021-09-09 22:16:28,689 INFO o.a.j.e.StandardJMeterEngine: Starting ThreadGroup: 1 : Healthchecks
2021-09-09 22:16:28,690 INFO o.a.j.e.StandardJMeterEngine: Starting 10 threads for group Healthchecks.
2021-09-09 22:16:28,690 INFO o.a.j.e.StandardJMeterEngine: Thread will continue on error
2021-09-09 22:16:28,690 INFO o.a.j.t.ThreadGroup: Starting thread group... number=1 threads=10 ramp-up=1 delayedStart=false
2021-09-09 22:16:28,691 INFO o.a.j.t.JMeterThread: Thread started: Healthchecks 1-1
2021-09-09 22:16:28,692 INFO o.a.j.t.ThreadGroup: Started thread group number 1
2021-09-09 22:16:28,692 INFO o.a.j.e.StandardJMeterEngine: All thread groups have been started
2021-09-09 22:16:28,798 INFO o.a.j.t.JMeterThread: Thread started: Healthchecks 1-2
2021-09-09 22:16:28,892 INFO o.a.j.t.JMeterThread: Thread started: Healthchecks 1-3
2021-09-09 22:16:28,992 INFO o.a.j.t.JMeterThread: Thread started: Healthchecks 1-4
2021-09-09 22:16:29,092 INFO o.a.j.t.JMeterThread: Thread started: Healthchecks 1-5
2021-09-09 22:16:29,192 INFO o.a.j.t.JMeterThread: Thread started: Healthchecks 1-6
2021-09-09 22:16:29,291 INFO o.a.j.t.JMeterThread: Thread started: Healthchecks 1-7
2021-09-09 22:16:29,392 INFO o.a.j.t.JMeterThread: Thread started: Healthchecks 1-8
2021-09-09 22:16:29,490 INFO o.a.j.t.JMeterThread: Thread started: Healthchecks 1-9
2021-09-09 22:16:29,591 INFO o.a.j.t.JMeterThread: Thread started: Healthchecks 1-10
2021-09-09 22:23:10,990 INFO o.a.j.t.JMeterThread: Thread is done: Healthchecks 1-2
2021-09-09 22:23:10,990 INFO o.a.j.t.JMeterThread: Thread finished: Healthchecks 1-2
2021-09-09 22:23:11,607 INFO o.a.j.t.JMeterThread: Thread is done: Healthchecks 1-9
2021-09-09 22:23:11,607 INFO o.a.j.t.JMeterThread: Thread finished: Healthchecks 1-9
2021-09-09 22:23:11,653 INFO o.a.j.t.JMeterThread: Thread is done: Healthchecks 1-5
2021-09-09 22:23:11,654 INFO o.a.j.t.JMeterThread: Thread finished: Healthchecks 1-5
2021-09-09 22:23:11,873 INFO o.a.j.t.JMeterThread: Thread is done: Healthchecks 1-10
2021-09-09 22:23:11,873 INFO o.a.j.t.JMeterThread: Thread finished: Healthchecks 1-10
2021-09-09 22:23:11,916 INFO o.a.j.t.JMeterThread: Thread is done: Healthchecks 1-8
2021-09-09 22:23:11,916 INFO o.a.j.t.JMeterThread: Thread finished: Healthchecks 1-8
2021-09-09 22:23:11,987 INFO o.a.j.t.JMeterThread: Thread is done: Healthchecks 1-4
2021-09-09 22:23:11,987 INFO o.a.j.t.JMeterThread: Thread finished: Healthchecks 1-4
2021-09-09 22:23:12,143 INFO o.a.j.t.JMeterThread: Thread is done: Healthchecks 1-3
2021-09-09 22:23:12,143 INFO o.a.j.t.JMeterThread: Thread finished: Healthchecks 1-3
2021-09-09 22:23:12,155 INFO o.a.j.t.JMeterThread: Thread is done: Healthchecks 1-1
2021-09-09 22:23:12,155 INFO o.a.j.t.JMeterThread: Thread finished: Healthchecks 1-1
2021-09-09 22:23:12,243 INFO o.a.j.t.JMeterThread: Thread is done: Healthchecks 1-6
2021-09-09 22:23:12,243 INFO o.a.j.t.JMeterThread: Thread finished: Healthchecks 1-6
2021-09-09 22:23:12,253 INFO o.a.j.t.JMeterThread: Thread is done: Healthchecks 1-7
2021-09-09 22:23:12,253 INFO o.a.j.t.JMeterThread: Thread finished: Healthchecks 1-7
2021-09-09 22:23:12,253 INFO o.a.j.e.StandardJMeterEngine: Notifying test listeners of end of test
2021-09-09 22:23:12,253 INFO o.a.j.g.u.JMeterMenuBar: setRunning(false, *local*)
